
2024-11-01 22:22:45 INFO PrintServer - Initializing PrintServer...
2024-11-01 22:22:45 INFO PrintServer - Server has started....
2024-11-01 22:22:45 INFO PrintServer - Server started.....
2024-11-01 22:22:57 INFO Printer - Printer1: Printing Hello
2024-11-04 10:09:49 INFO PrintServer - Initializing PrintServer...
2024-11-04 10:09:49 INFO PrintServer - Server has started....
2024-11-04 10:09:49 INFO PrintServer - Server started.....
2024-11-04 10:10:23 INFO Printer - Printer1: Printing Hello
2024-11-13 13:10:24 INFO PrintServer - Initializing PrintServer...
2024-11-13 13:10:24 INFO PrintServer - Server has started....
2024-11-13 13:10:24 INFO PrintServer - Server started.....
2024-11-13 13:11:18 INFO Printer - Printer1: Printing 
2024-11-13 13:11:58 INFO Printer - Printer1: Printing 
2024-11-13 13:12:27 INFO Printer - Printer1: Printing hello
2024-11-13 13:12:42 INFO Printer - Printer2: Printing My name is sachin
2024-11-14 10:57:12 INFO PrintServer - Initializing PrintServer...
2024-11-14 10:57:12 INFO PrintServer - Server has started....
2024-11-14 10:57:12 INFO PrintServer - Server started.....
2024-11-14 11:41:55 INFO PrintServer - Initializing PrintServer...
2024-11-14 11:41:55 INFO PrintServer - Server has started....
2024-11-14 11:41:55 INFO PrintServer - Server started.....
2024-11-14 11:46:18 INFO PrintServer - Initializing PrintServer...
2024-11-14 11:46:18 INFO PrintServer - Server has started....
2024-11-14 11:46:18 INFO PrintServer - Server started.....
2024-11-14 11:46:47 INFO Printer - Printer1: Printing 1
2024-11-14 11:48:03 INFO PrintServer - Initializing PrintServer...
2024-11-14 11:48:04 INFO PrintServer - Server has started....
2024-11-14 11:48:04 INFO PrintServer - Server started.....
2024-11-14 11:52:50 INFO PrintServer - Initializing PrintServer...
2024-11-14 11:52:50 INFO PrintServer - Server has started....
2024-11-14 11:52:50 INFO PrintServer - Server started.....
2024-11-14 11:53:08 INFO PrintServer - Generated Token: eyJhbGciOiJIUzI1NiJ9.eyJzdWIiOiJ1c2VyQGdtYWlsLmNvbSIsImlhdCI6MTczMTU4MTU4OCwiZXhwIjoxNzMxNjY3OTg4fQ.sIKgFPKCCB9Cr2PupVgtcurl75ffGhn2MT4rrJkoH6w
2024-11-14 11:53:29 INFO Printer - Printer1: Printing Satish
2024-11-14 12:06:31 INFO PrintServer - Initializing PrintServer...
2024-11-14 12:06:31 INFO PrintServer - Server has started....
2024-11-14 12:06:31 INFO PrintServer - Server started.....
2024-11-14 12:09:46 INFO PrintServer - Generated Token: eyJhbGciOiJIUzI1NiJ9.eyJzdWIiOiJ1c2VyQGdtYWlsLmNvbSIsImlhdCI6MTczMTU4MjU4NiwiZXhwIjoxNzMxNjY4OTg2fQ.isEk6qmyop3RPkEa_9otxLn2fViyEZnYVKD8P6o4zMQ
2024-11-14 12:09:52 INFO Printer - Printer1: Printing hello
2024-11-15 19:03:30 INFO PrintServer - Initializing PrintServer...
2024-11-15 19:03:30 INFO PrintServer - Server has started....
2024-11-15 19:03:30 INFO PrintServer - Server started.....
2024-11-15 19:03:57 INFO PrintServer - Generated Token: eyJhbGciOiJIUzI1NiJ9.eyJzdWIiOiJ1c2VyQGdtYWlsLmNvbSIsImlhdCI6MTczMTY5MzgzNywiZXhwIjoxNzMxNzgwMjM3fQ.dkcJDZQYCR3n4DHbCfcnIOwvWmqAY6Uwf8Apo8cohJ4
2024-11-15 19:04:04 INFO Printer - Printer1: Printing new user
